2026-03-01 05:02:04  INFO: Operating system name: Linux version: 6.6.87.2-microsoft-standard-WSL2 architecture: amd64
2026-03-01 05:02:04  INFO: Java runtime name: OpenJDK 64-Bit Server VM vendor: Eclipse Adoptium version: 21.0.10+7-LTS
2026-03-01 05:02:04  INFO: Memory limit heap: 972mb non-heap: 0mb
2026-03-01 05:02:04  INFO: Character encoding: UTF-8
2026-03-01 05:02:04  INFO: Version: 6.12.2
2026-03-01 05:02:04  INFO: Starting server...
2026-03-01 05:02:05  INFO: HikariPool-1 - Starting...
2026-03-01 05:02:07  INFO: HikariPool-1 - Added connection conn0: url=jdbc:h2:./data/database user=SA
2026-03-01 05:02:07  INFO: HikariPool-1 - Start completed.
2026-03-01 05:02:07  INFO: Set default schema name to PUBLIC
2026-03-01 05:02:09  INFO: Creating snapshot
2026-03-01 05:02:10  INFO: Successfully acquired change log lock
2026-03-01 05:02:10  INFO: Creating database changelog table with name: PUBLIC.DATABASECHANGELOG
2026-03-01 05:02:10  INFO: Clearing database change log checksums for database h2
2026-03-01 05:02:10  INFO: Successfully released change log lock
2026-03-01 05:02:10  INFO: Command execution complete
2026-03-01 05:02:12  INFO: Reading from PUBLIC.DATABASECHANGELOG
2026-03-01 05:02:14  INFO: Successfully acquired change log lock
2026-03-01 05:02:14  INFO: Using deploymentId: 2341327413
2026-03-01 05:02:14  INFO: Reading from PUBLIC.DATABASECHANGELOG
2026-03-01 05:02:15  INFO: Table tc_attributes created
2026-03-01 05:02:15  INFO: Table tc_calendars created
2026-03-01 05:02:15  INFO: Table tc_commands created
2026-03-01 05:02:15  INFO: Table tc_device_attribute created
2026-03-01 05:02:15  INFO: Table tc_device_command created
2026-03-01 05:02:15  INFO: Table tc_device_driver created
2026-03-01 05:02:15  INFO: Table tc_device_geofence created
2026-03-01 05:02:15  INFO: Table tc_device_maintenance created
2026-03-01 05:02:15  INFO: Table tc_device_notification created
2026-03-01 05:02:15  INFO: Table tc_devices created
2026-03-01 05:02:15  INFO: Table tc_drivers created
2026-03-01 05:02:15  INFO: Table tc_events created
2026-03-01 05:02:15  INFO: Table tc_geofences created
2026-03-01 05:02:15  INFO: Table tc_group_attribute created
2026-03-01 05:02:15  INFO: Table tc_group_command created
2026-03-01 05:02:15  INFO: Table tc_group_driver created
2026-03-01 05:02:15  INFO: Table tc_group_geofence created
2026-03-01 05:02:15  INFO: Table tc_group_maintenance created
2026-03-01 05:02:15  INFO: Table tc_group_notification created
2026-03-01 05:02:15  INFO: Table tc_groups created
2026-03-01 05:02:15  INFO: Table tc_maintenances created
2026-03-01 05:02:15  INFO: Table tc_notifications created
2026-03-01 05:02:15  INFO: Table tc_positions created
2026-03-01 05:02:15  INFO: Table tc_servers created
2026-03-01 05:02:15  INFO: Table tc_statistics created
2026-03-01 05:02:15  INFO: Table tc_user_attribute created
2026-03-01 05:02:15  INFO: Table tc_user_calendar created
2026-03-01 05:02:15  INFO: Table tc_user_command created
2026-03-01 05:02:15  INFO: Table tc_user_device created
2026-03-01 05:02:15  INFO: Table tc_user_driver created
2026-03-01 05:02:15  INFO: Table tc_user_geofence created
2026-03-01 05:02:15  INFO: Table tc_user_group created
2026-03-01 05:02:15  INFO: Table tc_user_maintenance created
2026-03-01 05:02:15  INFO: Table tc_user_notification created
2026-03-01 05:02:15  INFO: Table tc_user_user created
2026-03-01 05:02:15  INFO: Table tc_users created
2026-03-01 05:02:15  INFO: Foreign key constraint added to tc_device_command (commandid)
2026-03-01 05:02:15  INFO: Foreign key constraint added to tc_device_command (deviceid)
2026-03-01 05:02:15  INFO: Foreign key constraint added to tc_device_driver (deviceid)
2026-03-01 05:02:15  INFO: Foreign key constraint added to tc_device_driver (driverid)
2026-03-01 05:02:15  INFO: Foreign key constraint added to tc_device_geofence (deviceid)
2026-03-01 05:02:15  INFO: Foreign key constraint added to tc_device_geofence (geofenceid)
2026-03-01 05:02:16  INFO: Foreign key constraint added to tc_device_maintenance (deviceid)
2026-03-01 05:02:16  INFO: Foreign key constraint added to tc_device_maintenance (maintenanceid)
2026-03-01 05:02:16  INFO: Foreign key constraint added to tc_device_notification (deviceid)
2026-03-01 05:02:16  INFO: Foreign key constraint added to tc_device_notification (notificationid)
2026-03-01 05:02:16  INFO: Foreign key constraint added to tc_devices (groupid)
2026-03-01 05:02:16  INFO: Foreign key constraint added to tc_events (deviceid)
2026-03-01 05:02:16  INFO: Foreign key constraint added to tc_geofences (calendarid)
2026-03-01 05:02:16  INFO: Foreign key constraint added to tc_group_attribute (attributeid)
2026-03-01 05:02:16  INFO: Foreign key constraint added to tc_group_attribute (groupid)
2026-03-01 05:02:16  INFO: Foreign key constraint added to tc_group_command (commandid)
2026-03-01 05:02:16  INFO: Foreign key constraint added to tc_group_command (groupid)
2026-03-01 05:02:16  INFO: Foreign key constraint added to tc_group_driver (driverid)
2026-03-01 05:02:16  INFO: Foreign key constraint added to tc_group_driver (groupid)
2026-03-01 05:02:16  INFO: Foreign key constraint added to tc_group_geofence (geofenceid)
2026-03-01 05:02:16  INFO: Foreign key constraint added to tc_group_geofence (groupid)
2026-03-01 05:02:16  INFO: Foreign key constraint added to tc_group_maintenance (groupid)
2026-03-01 05:02:16  INFO: Foreign key constraint added to tc_group_maintenance (maintenanceid)
2026-03-01 05:02:16  INFO: Foreign key constraint added to tc_group_notification (groupid)
2026-03-01 05:02:16  INFO: Foreign key constraint added to tc_group_notification (notificationid)
2026-03-01 05:02:16  INFO: Foreign key constraint added to tc_notifications (calendarid)
2026-03-01 05:02:16  INFO: Foreign key constraint added to tc_positions (deviceid)
2026-03-01 05:02:16  INFO: Foreign key constraint added to tc_user_attribute (attributeid)
2026-03-01 05:02:16  INFO: Foreign key constraint added to tc_user_attribute (userid)
2026-03-01 05:02:16  INFO: Foreign key constraint added to tc_user_calendar (calendarid)
2026-03-01 05:02:16  INFO: Foreign key constraint added to tc_user_calendar (userid)
2026-03-01 05:02:16  INFO: Foreign key constraint added to tc_user_command (commandid)
2026-03-01 05:02:16  INFO: Foreign key constraint added to tc_user_command (userid)
2026-03-01 05:02:16  INFO: Foreign key constraint added to tc_device_attribute (attributeid)
2026-03-01 05:02:16  INFO: Foreign key constraint added to tc_device_attribute (deviceid)
2026-03-01 05:02:16  INFO: Foreign key constraint added to tc_user_device (deviceid)
2026-03-01 05:02:16  INFO: Foreign key constraint added to tc_user_device (userid)
2026-03-01 05:02:16  INFO: Foreign key constraint added to tc_user_driver (driverid)
2026-03-01 05:02:16  INFO: Foreign key constraint added to tc_user_driver (userid)
2026-03-01 05:02:16  INFO: Foreign key constraint added to tc_user_geofence (geofenceid)
2026-03-01 05:02:16  INFO: Foreign key constraint added to tc_user_geofence (userid)
2026-03-01 05:02:16  INFO: Foreign key constraint added to tc_user_group (groupid)
2026-03-01 05:02:16  INFO: Foreign key constraint added to tc_user_group (userid)
2026-03-01 05:02:16  INFO: Foreign key constraint added to tc_user_maintenance (maintenanceid)
2026-03-01 05:02:16  INFO: Foreign key constraint added to tc_user_maintenance (userid)
2026-03-01 05:02:16  INFO: Foreign key constraint added to tc_user_notification (notificationid)
2026-03-01 05:02:16  INFO: Foreign key constraint added to tc_user_notification (userid)
2026-03-01 05:02:16  INFO: Foreign key constraint added to tc_user_user (userid)
2026-03-01 05:02:16  INFO: New row inserted into tc_servers
2026-03-01 05:02:16  INFO: ChangeSet changelog-4.0-clean::changelog-4.0-clean::author ran successfully in 793ms
2026-03-01 05:02:16  INFO: Foreign key constraint added to tc_groups (groupid)
2026-03-01 05:02:16  INFO: Foreign key constraint added to tc_user_user (manageduserid)
2026-03-01 05:02:16  INFO: ChangeSet changelog-4.0-clean::changelog-4.0-clean-common::author ran successfully in 17ms
2026-03-01 05:02:16  INFO: Marking ChangeSet: "changelog-4.1::changelog-4.1-mssql::author" as ran despite precondition failure due to onFail='MARK_RAN': 
          schema/changelog-master.xml : DBMS Precondition failed: expected mssql, got h2

2026-03-01 05:02:16  INFO: Creating snapshot
2026-03-01 05:02:16  INFO: Index user_device_user_id created
2026-03-01 05:02:16  INFO: Index position_deviceid_fixtime created
2026-03-01 05:02:16  INFO: ChangeSet changelog-4.7::changelog-4.7::author ran successfully in 58ms
2026-03-01 05:02:16  INFO: Index event_deviceid_servertime created
2026-03-01 05:02:16  INFO: ChangeSet changelog-4.9::changelog-4.9::author ran successfully in 5ms
2026-03-01 05:02:16  INFO: Columns protocols(VARCHAR(4096)) added to tc_statistics
2026-03-01 05:02:16  INFO: ChangeSet changelog-4.10::changelog-4.10::author ran successfully in 28ms
2026-03-01 05:02:16  INFO: Columns announcement(VARCHAR(4000)) added to tc_servers
2026-03-01 05:02:16  INFO: ChangeSet changelog-4.11::changelog-4.11::author ran successfully in 13ms
2026-03-01 05:02:16  INFO: Column tc_events.servertime renamed to eventtime
2026-03-01 05:02:16  INFO: ChangeSet changelog-4.13::changelog-4.13::author ran successfully in 7ms
2026-03-01 05:02:16  INFO: Table tc_orders created
2026-03-01 05:02:16  INFO: Table tc_user_order created
2026-03-01 05:02:16  INFO: Foreign key constraint added to tc_user_order (userid)
2026-03-01 05:02:16  INFO: Foreign key constraint added to tc_user_order (orderid)
2026-03-01 05:02:16  INFO: Table tc_group_order created
2026-03-01 05:02:16  INFO: Foreign key constraint added to tc_group_order (groupid)
2026-03-01 05:02:16  INFO: Foreign key constraint added to tc_group_order (orderid)
2026-03-01 05:02:16  INFO: Table tc_device_order created
2026-03-01 05:02:16  INFO: Foreign key constraint added to tc_device_order (deviceid)
2026-03-01 05:02:16  INFO: Foreign key constraint added to tc_device_order (orderid)
2026-03-01 05:02:16  INFO: ChangeSet changelog-4.15::changelog-4.15::author ran successfully in 57ms
2026-03-01 05:02:17  INFO: Columns disablereports(BOOLEAN) added to tc_servers
2026-03-01 05:02:17  INFO: Columns disablereports(BOOLEAN) added to tc_users
2026-03-01 05:02:17  INFO: Column tc_orders.toAddress renamed to toaddresstmp
2026-03-01 05:02:17  INFO: Column tc_orders.fromAddress renamed to fromaddresstmp
2026-03-01 05:02:17  INFO: Column tc_orders.toaddresstmp renamed to toaddress
2026-03-01 05:02:17  INFO: Column tc_orders.fromaddresstmp renamed to fromaddress
2026-03-01 05:02:17  INFO: ChangeSet changelog-5.0::changelog-5.0::author ran successfully in 1172ms
2026-03-01 05:02:17  INFO: Index idx_drivers_uniqueid created
2026-03-01 05:02:17  INFO: Index idx_devices_uniqueid created
2026-03-01 05:02:17  INFO: Index idx_users_email created
2026-03-01 05:02:17  INFO: Index idx_users_login created
2026-03-01 05:02:17  INFO: Index idx_users_token created
2026-03-01 05:02:17  INFO: Columns overlayurl(VARCHAR(512)) added to tc_servers
2026-03-01 05:02:17  INFO: ChangeSet changelog-5.1::changelog-5.1::author ran successfully in 26ms
2026-03-01 05:02:17  INFO: Columns status(CHAR(8)) added to tc_devices
2026-03-01 05:02:17  INFO: Columns geofenceids(VARCHAR(128)) added to tc_devices
2026-03-01 05:02:17  INFO: ChangeSet changelog-5.2::changelog-5.2::author ran successfully in 51ms
2026-03-01 05:02:17  INFO: Columns fixedemail(BOOLEAN) added to tc_servers
2026-03-01 05:02:17  INFO: Columns fixedemail(BOOLEAN) added to tc_users
2026-03-01 05:02:17  INFO: Columns expirationtime(TIMESTAMP) added to tc_devices
2026-03-01 05:02:17  INFO: Table tc_keystore created
2026-03-01 05:02:17  INFO: Index idx_users_token dropped from table tc_users
2026-03-01 05:02:17  INFO: Column tc_users.token dropped
2026-03-01 05:02:17  INFO: ChangeSet changelog-5.3::changelog-5.3::author ran successfully in 114ms
2026-03-01 05:02:18  INFO: Columns motionstate(BOOLEAN),motiontime(TIMESTAMP),motiondistance(DOUBLE),overspeedstate(BOOLEAN),overspeedtime(TIMESTAMP),overspeedgeofenceid(INT) added to tc_devices
2026-03-01 05:02:18  INFO: Table tc_commands_queue created
2026-03-01 05:02:18  INFO: Foreign key constraint added to tc_commands_queue (deviceid)
2026-03-01 05:02:18  INFO: Index idx_commands_queue_deviceid created
2026-03-01 05:02:18  INFO: ChangeSet changelog-5.4::changelog-5.4::author ran successfully in 125ms
2026-03-01 05:02:18  INFO: Column tc_commands_queue.description dropped
2026-03-01 05:02:18  INFO: ChangeSet changelog-5.5::changelog-5.5::author ran successfully in 10ms
2026-03-01 05:02:18  INFO: Columns motionstreak(BOOLEAN) added to tc_devices
2026-03-01 05:02:18  INFO: Table tc_reports created
2026-03-01 05:02:18  INFO: Foreign key constraint added to tc_reports (calendarid)
2026-03-01 05:02:18  INFO: Table tc_user_report created
2026-03-01 05:02:18  INFO: Foreign key constraint added to tc_user_report (userid)
2026-03-01 05:02:18  INFO: Foreign key constraint added to tc_user_report (reportid)
2026-03-01 05:02:18  INFO: Table tc_group_report created
2026-03-01 05:02:18  INFO: Foreign key constraint added to tc_group_report (groupid)
2026-03-01 05:02:18  INFO: Foreign key constraint added to tc_group_report (reportid)
2026-03-01 05:02:18  INFO: Table tc_device_report created
2026-03-01 05:02:18  INFO: Foreign key constraint added to tc_device_report (deviceid)
2026-03-01 05:02:18  INFO: Foreign key constraint added to tc_device_report (reportid)
2026-03-01 05:02:18  INFO: ChangeSet changelog-5.6::changelog-5.6::author ran successfully in 71ms
2026-03-01 05:02:18  INFO: Columns commandid(INT) added to tc_notifications
2026-03-01 05:02:18  INFO: Foreign key constraint added to tc_notifications (commandid)
2026-03-01 05:02:18  INFO: ChangeSet changelog-5.7::changelog-5.7::author ran successfully in 17ms
2026-03-01 05:02:18  INFO: Column tc_devices.geofenceids dropped
2026-03-01 05:02:18  INFO: Columns geofenceids(VARCHAR(128)) added to tc_positions
2026-03-01 05:02:18  INFO: ChangeSet changelog-5.8::changelog-5.8::author ran successfully in 28ms
2026-03-01 05:02:18  INFO: Columns calendarid(INT) added to tc_devices
2026-03-01 05:02:18  INFO: Foreign key constraint added to tc_devices (calendarid)
2026-03-01 05:02:18  INFO: ChangeSet changelog-5.9::changelog-5.9::author ran successfully in 26ms
2026-03-01 05:02:18  INFO: Columns totpkey(VARCHAR(64)) added to tc_users
2026-03-01 05:02:18  INFO: ChangeSet changelog-5.10::changelog-5.10::author ran successfully in 21ms
2026-03-01 05:02:18  INFO: Columns temporary(BOOLEAN) added to tc_users
2026-03-01 05:02:18  INFO: ChangeSet changelog-5.11::changelog-5.11::author ran successfully in 25ms
2026-03-01 05:02:18  INFO: Column tc_servers.twelvehourformat dropped
2026-03-01 05:02:18  INFO: Column tc_users.twelvehourformat dropped
2026-03-01 05:02:18  INFO: Columns priority(INT) added to tc_attributes
2026-03-01 05:02:18  INFO: ChangeSet changelog-6.2::changelog-6.2::author ran successfully in 34ms
2026-03-01 05:02:18  INFO: Creating snapshot
2026-03-01 05:02:18  INFO: Marking ChangeSet: "changelog-6.3::changelog-6.3-old::author" as ran despite precondition failure due to onFail='MARK_RAN': 
          schema/changelog-master.xml : Foreign Key PUBLIC.fk_event_deviceid does not exist

2026-03-01 05:02:18  INFO: Foreign key fk_events_deviceid dropped
2026-03-01 05:02:18  INFO: Foreign key fk_positions_deviceid dropped
2026-03-01 05:02:18  INFO: ChangeSet changelog-6.3::changelog-6.3-new::author ran successfully in 22ms
2026-03-01 05:02:18  INFO: Columns description(VARCHAR(4000)) added to tc_notifications
2026-03-01 05:02:18  INFO: ChangeSet changelog-6.6::changelog-6.6::author ran successfully in 20ms
2026-03-01 05:02:18  INFO: Creating snapshot
2026-03-01 05:02:18  INFO: Table tc_actions created
2026-03-01 05:02:18  INFO: ChangeSet changelog-6.7.0::changelog-6.7.0::author ran successfully in 98ms
2026-03-01 05:02:18  INFO: Marking ChangeSet: "changelog-6.8.0::changelog-6.8.0-timescale::author" as ran despite precondition failure due to onFail='MARK_RAN': 
          schema/changelog-master.xml : DBMS Precondition failed: expected postgresql, got h2

2026-03-01 05:02:18  INFO: Columns motionpositionid(INT) added to tc_devices
2026-03-01 05:02:18  INFO: ChangeSet changelog-6.9.0::changelog-6.9.0::author ran successfully in 24ms
2026-03-01 05:02:18  INFO: Marking ChangeSet: "changelog-6.11.0::changelog-6.11.0-timescale::author" as ran despite precondition failure due to onFail='MARK_RAN': 
          schema/changelog-master.xml : DBMS Precondition failed: expected postgresql, got h2

2026-03-01 05:02:18  INFO: Marking ChangeSet: "changelog-6.11.0::changelog-6.11.0-other::author" as ran despite precondition failure due to onFail='MARK_RAN': 
          schema/changelog-master.xml : Not precondition failed

2026-03-01 05:02:18  INFO: Table tc_revoked_tokens created
2026-03-01 05:02:18  INFO: ChangeSet changelog-6.11.0::changelog-6.11.0::author ran successfully in 8ms
2026-03-01 05:02:18  INFO: UPDATE SUMMARY
2026-03-01 05:02:18  INFO: Run:                         31
2026-03-01 05:02:18  INFO: Previously run:               0
2026-03-01 05:02:18  INFO: Filtered out:                 0
2026-03-01 05:02:18  INFO: -------------------------------
2026-03-01 05:02:18  INFO: Total change sets:           31
2026-03-01 05:02:18  INFO: Update summary generated
2026-03-01 05:02:18  INFO: Update command completed successfully.
2026-03-01 05:02:18  INFO: Successfully released change log lock
2026-03-01 05:02:18  INFO: Command execution complete
2026-03-01 05:02:22  INFO: jetty-12.1.6; built: 2026-01-27T18:53:19.182Z; git: 88ca559572b1c8858b3c5684bb0293fa64e5e90f; jvm 21.0.10+7-LTS
2026-03-01 05:02:22  INFO: Session workerName=node0
2026-03-01 05:02:22  INFO: Started oeje10s.ServletContextHandler@6b0ba697{ROOT,/,b=file:///opt/traccar/web/,a=AVAILABLE,h=oeje10s.SessionHandler@2a531637{STARTED}}
2026-03-01 05:02:24  INFO: Started oeje10s.ServletContextHandler@6b0ba697{ROOT,/,b=file:///opt/traccar/web/,a=AVAILABLE,h=oeje10s.SessionHandler@2a531637{STARTED}}
2026-03-01 05:02:24  INFO: Started oejs.ServerConnector@3702d0ed{HTTP/1.1, (http/1.1)}{0.0.0.0:8082}
2026-03-01 05:02:24  INFO: Started oejs.Server@5b7b0ada{STARTING}[12.1.6,sto=0] @2462ms
2026-03-01 05:46:58  INFO: [Tab59d3cd] connected
2026-03-01 05:46:58  INFO: [Tab59d3cd: osmand < 172.18.0.1] POST / HTTP/1.1\r\nuser-agent: Dart/3.11 (dart:io)\r\ncontent-type: application/x-www-form-urlencoded\r\ntransfer-encoding: chunked\r\naccept-encoding: gzip\r\nhost: 10.13.131.155:5055\r\n\r\nB0\r\nid=7044263024&notificationToken=cMMt9M9QRXCFQcZlXYR1OG%3AAPA91bGXJAP90IPfLxVNnzylOp83LrfRRRaT4QCmwPcQljhxI95h5idE7TTwjsXmk_-dP6qiyaTJsxUgEvxIuSGtuMESszeBq7HaDy1Zhepz2n4WTAmq8wg\r\n0\r\n\r\n
2026-03-01 05:46:58  INFO: [Tab59d3cd: osmand > 172.18.0.1] HTTP/1.1 200 OK\r\ncontent-length: 0\r\n\r\n
2026-03-01 05:46:58  INFO: Event id: 7044263024, time: 2026-03-01 05:46:58, type: deviceOnline, notifications: 0
2026-03-01 05:47:01  INFO: [Tab59d3cd] id: 7044263024, time: 1980-01-06 00:00:00, lat: 0.00000, lon: 0.00000, course: 0.0
2026-03-01 05:47:13  INFO: [Tab59d3cd] disconnected
2026-03-01 05:47:21  INFO: [Tf06e4a2c] connected
2026-03-01 05:47:21  INFO: [Tf06e4a2c: osmand < 172.18.0.1] POST / HTTP/1.1\r\nContent-Type: application/json; charset=utf-8\r\nContent-Length: 528\r\nHost: 10.13.131.155:5055\r\nConnection: Keep-Alive\r\nAccept-Encoding: gzip\r\nUser-Agent: okhttp/4.12.0\r\n\r\n{"location":{"timestamp":"2026-03-01T05:25:19.465Z","coords":{"latitude":6.8686471,"longitude":7.3947641,"accuracy":98.4,"speed":-1,"heading":-1,"altitude":418.8},"is_moving":false,"odometer":17.96,"event":"providerchange","battery":{"level":0.97,"is_charging":false},"activity":{"type":"still"},"extras":{},"_":"&id=7044263024&lat=6.8686471&lon=7.3947641&timestamp=2026-03-01T05:25:19.465Z&","provider":{"network":false,"gps":true,"enabled":true,"status":3,"accuracyAuthorization":0,"airplane":false}},"device_id":"7044263024"}
2026-03-01 05:47:21  INFO: [Tf06e4a2c: osmand > 172.18.0.1] HTTP/1.1 200 OK\r\ncontent-length: 0\r\n\r\n
2026-03-01 05:47:21  INFO: [Tf06e4a2c: osmand < 172.18.0.1] POST / HTTP/1.1\r\nContent-Type: application/json; charset=utf-8\r\nContent-Length: 408\r\nHost: 10.13.131.155:5055\r\nConnection: Keep-Alive\r\nAccept-Encoding: gzip\r\nUser-Agent: okhttp/4.12.0\r\n\r\n{"location":{"timestamp":"2026-03-01T05:25:19.465Z","coords":{"latitude":6.8686471,"longitude":7.3947641,"accuracy":98.4,"speed":-1,"heading":-1,"altitude":418.8},"is_moving":false,"odometer":17.96,"battery":{"level":0.97,"is_charging":false},"activity":{"type":"still"},"extras":{},"_":"&id=7044263024&lat=6.8686471&lon=7.3947641&timestamp=2026-03-01T05:25:19.465Z&","manual":true},"device_id":"7044263024"}
2026-03-01 05:47:21  INFO: [Tf06e4a2c: osmand > 172.18.0.1] HTTP/1.1 200 OK\r\ncontent-length: 0\r\n\r\n
2026-03-01 05:47:21  INFO: [Tf06e4a2c: osmand < 172.18.0.1] POST / HTTP/1.1\r\nContent-Type: application/json; charset=utf-8\r\nContent-Length: 411\r\nHost: 10.13.131.155:5055\r\nConnection: Keep-Alive\r\nAccept-Encoding: gzip\r\nUser-Agent: okhttp/4.12.0\r\n\r\n{"location":{"timestamp":"2026-03-01T05:25:26.205Z","coords":{"latitude":6.868885,"longitude":7.394465,"accuracy":13.9,"speed":0,"heading":-1,"altitude":418.8},"is_moving":false,"odometer":86.9,"event":"motionchange","battery":{"level":0.97,"is_charging":false},"activity":{"type":"still"},"extras":{},"_":"&id=7044263024&lat=6.868885&lon=7.394465&timestamp=2026-03-01T05:25:26.205Z&"},"device_id":"7044263024"}
2026-03-01 05:47:21  INFO: [Tf06e4a2c: osmand > 172.18.0.1] HTTP/1.1 200 OK\r\ncontent-length: 0\r\n\r\n
2026-03-01 05:47:21  INFO: [Tf06e4a2c: osmand < 172.18.0.1] POST / HTTP/1.1\r\nContent-Type: application/json; charset=utf-8\r\nContent-Length: 411\r\nHost: 10.13.131.155:5055\r\nConnection: Keep-Alive\r\nAccept-Encoding: gzip\r\nUser-Agent: okhttp/4.12.0\r\n\r\n{"location":{"timestamp":"2026-03-01T05:25:26.205Z","coords":{"latitude":6.868885,"longitude":7.394465,"accuracy":13.9,"speed":0,"heading":-1,"altitude":418.8},"is_moving":false,"odometer":86.9,"event":"motionchange","battery":{"level":0.97,"is_charging":false},"activity":{"type":"still"},"extras":{},"_":"&id=7044263024&lat=6.868885&lon=7.394465&timestamp=2026-03-01T05:25:26.205Z&"},"device_id":"7044263024"}
2026-03-01 05:47:21  INFO: [Tf06e4a2c: osmand > 172.18.0.1] HTTP/1.1 200 OK\r\ncontent-length: 0\r\n\r\n
2026-03-01 05:47:22  INFO: [Tf06e4a2c: osmand < 172.18.0.1] POST / HTTP/1.1\r\nContent-Type: application/json; charset=utf-8\r\nContent-Length: 402\r\nHost: 10.13.131.155:5055\r\nConnection: Keep-Alive\r\nAccept-Encoding: gzip\r\nUser-Agent: okhttp/4.12.0\r\n\r\n{"location":{"timestamp":"2026-03-01T05:25:27.644Z","coords":{"latitude":6.868835,"longitude":7.3945133,"accuracy":12,"speed":0,"heading":-1,"altitude":418.8},"is_moving":false,"odometer":86.9,"battery":{"level":0.97,"is_charging":false},"activity":{"type":"still"},"extras":{},"_":"&id=7044263024&lat=6.868835&lon=7.3945133&timestamp=2026-03-01T05:25:27.644Z&","manual":true},"device_id":"7044263024"}
2026-03-01 05:47:22  INFO: [Tf06e4a2c: osmand > 172.18.0.1] HTTP/1.1 200 OK\r\ncontent-length: 0\r\n\r\n
2026-03-01 05:47:22  INFO: [Tf06e4a2c: osmand < 172.18.0.1] POST / HTTP/1.1\r\nContent-Type: application/json; charset=utf-8\r\nContent-Length: 402\r\nHost: 10.13.131.155:5055\r\nConnection: Keep-Alive\r\nAccept-Encoding: gzip\r\nUser-Agent: okhttp/4.12.0\r\n\r\n{"location":{"timestamp":"2026-03-01T05:25:27.644Z","coords":{"latitude":6.868835,"longitude":7.3945133,"accuracy":12,"speed":0,"heading":-1,"altitude":418.8},"is_moving":false,"odometer":86.9,"battery":{"level":0.97,"is_charging":false},"activity":{"type":"still"},"extras":{},"_":"&id=7044263024&lat=6.868835&lon=7.3945133&timestamp=2026-03-01T05:25:27.644Z&","manual":true},"device_id":"7044263024"}
2026-03-01 05:47:22  INFO: [Tf06e4a2c: osmand > 172.18.0.1] HTTP/1.1 200 OK\r\ncontent-length: 0\r\n\r\n
2026-03-01 05:47:22  INFO: [Tf06e4a2c: osmand < 172.18.0.1] POST / HTTP/1.1\r\nContent-Type: application/json; charset=utf-8\r\nContent-Length: 414\r\nHost: 10.13.131.155:5055\r\nConnection: Keep-Alive\r\nAccept-Encoding: gzip\r\nUser-Agent: okhttp/4.12.0\r\n\r\n{"location":{"timestamp":"2026-03-01T05:26:33.647Z","coords":{"latitude":6.8689917,"longitude":7.394205,"accuracy":8.5,"speed":0,"heading":-1,"altitude":418.8},"is_moving":false,"odometer":182.29,"event":"motionchange","battery":{"level":0.97,"is_charging":false},"activity":{"type":"still"},"extras":{},"_":"&id=7044263024&lat=6.8689917&lon=7.394205&timestamp=2026-03-01T05:26:33.647Z&"},"device_id":"7044263024"}
2026-03-01 05:47:22  INFO: [Tf06e4a2c: osmand > 172.18.0.1] HTTP/1.1 200 OK\r\ncontent-length: 0\r\n\r\n
2026-03-01 05:47:22  INFO: [Tf06e4a2c: osmand < 172.18.0.1] POST / HTTP/1.1\r\nContent-Type: application/json; charset=utf-8\r\nContent-Length: 418\r\nHost: 10.13.131.155:5055\r\nConnection: Keep-Alive\r\nAccept-Encoding: gzip\r\nUser-Agent: okhttp/4.12.0\r\n\r\n{"location":{"timestamp":"2026-03-01T05:31:05.872Z","coords":{"latitude":6.8686471,"longitude":7.3947641,"accuracy":98.4,"speed":-1,"heading":-1,"altitude":418.8},"is_moving":false,"odometer":182.29,"event":"motionchange","battery":{"level":0.96,"is_charging":false},"activity":{"type":"still"},"extras":{},"_":"&id=7044263024&lat=6.8686471&lon=7.3947641&timestamp=2026-03-01T05:31:05.872Z&"},"device_id":"7044263024"}
2026-03-01 05:47:22  INFO: [Tf06e4a2c: osmand > 172.18.0.1] HTTP/1.1 200 OK\r\ncontent-length: 0\r\n\r\n
2026-03-01 05:47:24  INFO: Skipping notifications for old event
2026-03-01 05:47:24  INFO: [Tf06e4a2c] id: 7044263024, time: 2026-03-01 05:25:19, lat: 6.86865, lon: 7.39476, course: 0.0, accuracy: 98.4
2026-03-01 05:47:24  INFO: [Tf06e4a2c] id: 7044263024, time: 2026-03-01 05:25:19, lat: 6.86865, lon: 7.39476, course: 0.0, accuracy: 98.4
2026-03-01 05:47:24  INFO: [Tf06e4a2c] id: 7044263024, time: 2026-03-01 05:25:26, lat: 6.86889, lon: 7.39447, course: 0.0, accuracy: 13.9
2026-03-01 05:47:24  INFO: [Tf06e4a2c] id: 7044263024, time: 2026-03-01 05:25:26, lat: 6.86889, lon: 7.39447, course: 0.0, accuracy: 13.9
2026-03-01 05:47:25  INFO: [Tf06e4a2c] id: 7044263024, time: 2026-03-01 05:25:27, lat: 6.86884, lon: 7.39451, course: 0.0, accuracy: 12.0
2026-03-01 05:47:25  INFO: [Tf06e4a2c] id: 7044263024, time: 2026-03-01 05:25:27, lat: 6.86884, lon: 7.39451, course: 0.0, accuracy: 12.0
2026-03-01 05:47:25  INFO: [Tf06e4a2c] id: 7044263024, time: 2026-03-01 05:26:33, lat: 6.86899, lon: 7.39421, course: 0.0
2026-03-01 05:47:25  INFO: [Tf06e4a2c] id: 7044263024, time: 2026-03-01 05:31:05, lat: 6.86865, lon: 7.39476, course: 0.0, accuracy: 98.4
2026-03-01 05:47:29  INFO: [Tf06e4a2c: osmand < 172.18.0.1] POST / HTTP/1.1\r\nContent-Type: application/json; charset=utf-8\r\nContent-Length: 417\r\nHost: 10.13.131.155:5055\r\nConnection: Keep-Alive\r\nAccept-Encoding: gzip\r\nUser-Agent: okhttp/4.12.0\r\n\r\n{"location":{"timestamp":"2026-03-01T05:47:53.991Z","coords":{"latitude":6.8694083,"longitude":7.3939033,"accuracy":15.7,"speed":0,"heading":-1,"altitude":418.8},"is_moving":false,"odometer":296.88,"event":"motionchange","battery":{"level":0.94,"is_charging":false},"activity":{"type":"still"},"extras":{},"_":"&id=7044263024&lat=6.8694083&lon=7.3939033&timestamp=2026-03-01T05:47:53.991Z&"},"device_id":"7044263024"}
2026-03-01 05:47:29  INFO: [Tf06e4a2c: osmand > 172.18.0.1] HTTP/1.1 200 OK\r\ncontent-length: 0\r\n\r\n
2026-03-01 05:47:32  INFO: Event id: 7044263024, time: 2026-03-01 05:47:53, type: deviceStopped, notifications: 0
2026-03-01 05:47:32  INFO: [Tf06e4a2c] id: 7044263024, time: 2026-03-01 05:47:53, lat: 6.86941, lon: 7.39390, course: 0.0, accuracy: 15.7
2026-03-01 05:52:29  INFO: [Tf06e4a2c] disconnected
2026-03-01 05:57:29  INFO: Event id: 7044263024, time: 2026-03-01 05:57:29, type: deviceUnknown, notifications: 0
2026-03-01 06:00:24  INFO: [Tb5a9a3d7] connected
2026-03-01 06:00:24  INFO: [Tb5a9a3d7: osmand < 172.18.0.1] POST / HTTP/1.1\r\nuser-agent: Dart/3.11 (dart:io)\r\ncontent-type: application/x-www-form-urlencoded\r\ntransfer-encoding: chunked\r\naccept-encoding: gzip\r\nhost: 10.13.131.155:5055\r\n\r\nB0\r\nid=7044263024&notificationToken=cMMt9M9QRXCFQcZlXYR1OG%3AAPA91bGXJAP90IPfLxVNnzylOp83LrfRRRaT4QCmwPcQljhxI95h5idE7TTwjsXmk_-dP6qiyaTJsxUgEvxIuSGtuMESszeBq7HaDy1Zhepz2n4WTAmq8wg\r\n0\r\n\r\n
2026-03-01 06:00:24  INFO: [Tb5a9a3d7: osmand > 172.18.0.1] HTTP/1.1 200 OK\r\ncontent-length: 0\r\n\r\n
2026-03-01 06:00:24  INFO: Event id: 7044263024, time: 2026-03-01 06:00:24, type: deviceOnline, notifications: 0
2026-03-01 06:00:27  INFO: [Tb5a9a3d7] id: 7044263024, time: 2026-03-01 05:47:53, lat: 6.86941, lon: 7.39390, course: 0.0, accuracy: 15.7
2026-03-01 06:00:39  INFO: [Tb5a9a3d7] disconnected
2026-03-01 06:00:40  INFO: [T1938e7e6] connected
2026-03-01 06:00:40  INFO: [T1938e7e6: osmand < 172.18.0.1] POST / HTTP/1.1\r\nContent-Type: application/json; charset=utf-8\r\nContent-Length: 413\r\nHost: 10.13.131.155:5055\r\nConnection: Keep-Alive\r\nAccept-Encoding: gzip\r\nUser-Agent: okhttp/4.12.0\r\n\r\n{"location":{"timestamp":"2026-03-01T06:01:02.643Z","coords":{"latitude":6.86913,"longitude":7.3946283,"accuracy":14.9,"speed":0,"heading":-1,"altitude":418.8},"is_moving":false,"odometer":404.24,"event":"motionchange","battery":{"level":0.91,"is_charging":false},"activity":{"type":"still"},"extras":{},"_":"&id=7044263024&lat=6.86913&lon=7.3946283&timestamp=2026-03-01T06:01:02.643Z&"},"device_id":"7044263024"}
2026-03-01 06:00:40  INFO: [T1938e7e6: osmand > 172.18.0.1] HTTP/1.1 200 OK\r\ncontent-length: 0\r\n\r\n
2026-03-01 06:00:43  INFO: [T1938e7e6] id: 7044263024, time: 2026-03-01 06:01:02, lat: 6.86913, lon: 7.39463, course: 0.0, accuracy: 14.9
2026-03-01 06:05:35  INFO: [T1938e7e6] disconnected
2026-03-01 06:10:40  INFO: Event id: 7044263024, time: 2026-03-01 06:10:40, type: deviceUnknown, notifications: 0
2026-03-01 19:28:29  INFO: Operating system name: Linux version: 6.6.87.2-microsoft-standard-WSL2 architecture: amd64
2026-03-01 19:28:29  INFO: Java runtime name: OpenJDK 64-Bit Server VM vendor: Eclipse Adoptium version: 21.0.10+7-LTS
2026-03-01 19:28:29  INFO: Memory limit heap: 972mb non-heap: 0mb
2026-03-01 19:28:29  INFO: Character encoding: UTF-8
2026-03-01 19:28:29  INFO: Version: 6.12.2
2026-03-01 19:28:29  INFO: Starting server...
2026-03-01 19:28:33  INFO: HikariPool-1 - Starting...
2026-03-01 19:28:39  INFO: HikariPool-1 - Added connection conn0: url=jdbc:h2:./data/database user=SA
2026-03-01 19:28:39  INFO: HikariPool-1 - Start completed.
2026-03-01 19:28:40  INFO: Set default schema name to PUBLIC
2026-03-01 19:28:41  INFO: Successfully acquired change log lock
2026-03-01 19:28:41  INFO: Clearing database change log checksums for database h2
2026-03-01 19:28:41  INFO: Successfully released change log lock
2026-03-01 19:28:41  INFO: Command execution complete
2026-03-01 19:28:43  INFO: Reading from PUBLIC.DATABASECHANGELOG
2026-03-01 19:28:45  INFO: Reading from PUBLIC.DATABASECHANGELOG
2026-03-01 19:28:45  INFO: Reading from PUBLIC.DATABASECHANGELOG
2026-03-01 19:28:45  INFO: UPDATE SUMMARY
2026-03-01 19:28:45  INFO: Run:                          0
2026-03-01 19:28:45  INFO: Previously run:              31
2026-03-01 19:28:45  INFO: Filtered out:                 0
2026-03-01 19:28:45  INFO: -------------------------------
2026-03-01 19:28:45  INFO: Total change sets:           31
2026-03-01 19:28:45  INFO: Update summary generated
2026-03-01 19:28:45  INFO: Command execution complete
2026-03-01 19:28:52  INFO: jetty-12.1.6; built: 2026-01-27T18:53:19.182Z; git: 88ca559572b1c8858b3c5684bb0293fa64e5e90f; jvm 21.0.10+7-LTS
2026-03-01 19:28:52  INFO: Session workerName=node0
2026-03-01 19:28:52  INFO: Started oeje10s.ServletContextHandler@76fc5687{ROOT,/,b=file:///opt/traccar/web/,a=AVAILABLE,h=oeje10s.SessionHandler@53fbb2b4{STARTED}}
2026-03-01 19:28:55  INFO: Started oeje10s.ServletContextHandler@76fc5687{ROOT,/,b=file:///opt/traccar/web/,a=AVAILABLE,h=oeje10s.SessionHandler@53fbb2b4{STARTED}}
2026-03-01 19:28:55  INFO: Started oejs.ServerConnector@3e8fe7db{HTTP/1.1, (http/1.1)}{0.0.0.0:8082}
2026-03-01 19:28:55  INFO: Started oejs.Server@62e586a6{STARTING}[12.1.6,sto=0] @3183ms
2026-03-03 15:48:10  INFO: Operating system name: Linux version: 6.6.87.2-microsoft-standard-WSL2 architecture: amd64
2026-03-03 15:48:11  INFO: Java runtime name: OpenJDK 64-Bit Server VM vendor: Eclipse Adoptium version: 21.0.10+7-LTS
2026-03-03 15:48:12  INFO: Memory limit heap: 972mb non-heap: 0mb
2026-03-03 15:48:12  INFO: Character encoding: UTF-8
2026-03-03 15:48:12  INFO: Version: 6.12.2
2026-03-03 15:48:12  INFO: Starting server...
2026-03-03 15:48:32  INFO: HikariPool-1 - Starting...
2026-03-03 15:49:29  INFO: HikariPool-1 - Added connection conn0: url=jdbc:h2:./data/database user=SA
2026-03-03 15:49:29  INFO: HikariPool-1 - Start completed.
2026-03-03 15:49:56  INFO: Set default schema name to PUBLIC
2026-03-03 15:50:02  INFO: Successfully acquired change log lock
2026-03-03 15:50:02  INFO: Clearing database change log checksums for database h2
2026-03-03 15:50:02  INFO: Successfully released change log lock
2026-03-03 15:50:02  INFO: Command execution complete
2026-03-03 15:50:11  INFO: Reading from PUBLIC.DATABASECHANGELOG
2026-03-03 15:50:15  INFO: Reading from PUBLIC.DATABASECHANGELOG
2026-03-03 15:50:15  INFO: Reading from PUBLIC.DATABASECHANGELOG
2026-03-03 15:50:15  INFO: UPDATE SUMMARY
2026-03-03 15:50:15  INFO: Run:                          0
2026-03-03 15:50:15  INFO: Previously run:              31
2026-03-03 15:50:15  INFO: Filtered out:                 0
2026-03-03 15:50:15  INFO: -------------------------------
2026-03-03 15:50:15  INFO: Total change sets:           31
2026-03-03 15:50:15  INFO: Update summary generated
2026-03-03 15:50:15  INFO: Command execution complete
2026-03-03 15:50:59  INFO: jetty-12.1.6; built: 2026-01-27T18:53:19.182Z; git: 88ca559572b1c8858b3c5684bb0293fa64e5e90f; jvm 21.0.10+7-LTS
2026-03-03 15:51:00  INFO: Session workerName=node0
2026-03-03 15:51:01  INFO: Started oeje10s.ServletContextHandler@53fbb2b4{ROOT,/,b=file:///opt/traccar/web/,a=AVAILABLE,h=oeje10s.SessionHandler@7434ee13{STARTED}}
2026-03-03 15:51:07  INFO: Started oeje10s.ServletContextHandler@53fbb2b4{ROOT,/,b=file:///opt/traccar/web/,a=AVAILABLE,h=oeje10s.SessionHandler@7434ee13{STARTED}}
2026-03-03 15:51:07  INFO: Started oejs.ServerConnector@747e8659{HTTP/1.1, (http/1.1)}{0.0.0.0:8082}
2026-03-03 15:51:07  INFO: Started oejs.Server@4b360a82{STARTING}[12.1.6,sto=0] @8209ms
